[I 2025-07-25 17:09:36,694] Trial 219 finished with value: 41.84375 and parameters: {'layer_extract': -2, 'layer_steer': -32, 'alpha': 0.3090801817279658}. Best is trial 197 with value: 988.983870967742.
[I 2025-07-25 17:09:37,614] Trial 220 finished with value: 90.43526785714286 and parameters: {'layer_extract': -3, 'layer_steer': -29, 'alpha': 4.907593859293911}. Best is trial 197 with value: 988.983870967742.
[I 2025-07-25 17:09:38,545] Trial 221 finished with value: 963.2241379310345 and parameters: {'layer_extract': -1, 'layer_steer': -30, 'alpha': 4.894158953040284}. Best is trial 197 with value: 988.983870967742.
[I 2025-07-25 17:09:39,464] Trial 222 finished with value: 983.4137931034483 and parameters: {'layer_extract': -1, 'layer_steer': -30, 'alpha': 4.999310050486229}. Best is trial 197 with value: 988.983870967742.
[I 2025-07-25 17:09:40,379] Trial 223 finished with value: 980.4333333333333 and parameters: {'layer_extract': -1, 'layer_steer': -31, 'alpha': 4.982327475117874}. Best is trial 197 with value: 988.983870967742.
[I 2025-07-25 17:09:41,320] Trial 224 finished with value: 99.10208333333334 and parameters: {'layer_extract': -2, 'layer_steer': -31, 'alpha': 4.998691394778312}. Best is trial 197 with value: 988.983870967742.
[I 2025-07-25 17:09:42,267] Trial 225 finished with value: 989.0 and parameters: {'layer_extract': -1, 'layer_steer': -32, 'alpha': 4.9992363853486355}. Best is trial 225 with value: 989.0.
[I 2025-07-25 17:09:43,205] Trial 226 finished with value: 946.5483870967741 and parameters: {'layer_extract': -1, 'layer_steer': -32, 'alpha': 4.777384949036078}. Best is trial 225 with value: 989.0.
[I 2025-07-25 17:09:44,123] Trial 227 finished with value: 127.19556451612904 and parameters: {'layer_extract': -2, 'layer_steer': -32, 'alpha': 4.994339771143813}. Best is trial 225 with value: 989.0.
[I 2025-07-25 17:09:45,065] Trial 228 finished with value: 982.1551724137931 and parameters: {'layer_extract': -1, 'layer_steer': -30, 'alpha': 4.993382676049982}. Best is trial 225 with value: 989.0.
[I 2025-07-25 17:09:45,978] Trial 229 finished with value: 982.7068965517242 and parameters: {'layer_extract': -1, 'layer_steer': -30, 'alpha': 4.995997650998761}. Best is trial 225 with value: 989.0.
[I 2025-07-25 17:09:46,902] Trial 230 finished with value: 100.73148148148148 and parameters: {'layer_extract': -2, 'layer_steer': -28, 'alpha': 4.987239884155909}. Best is trial 225 with value: 989.0.
[I 2025-07-25 17:09:47,825] Trial 231 finished with value: 951.1206896551724 and parameters: {'layer_extract': -1, 'layer_steer': -30, 'alpha': 4.8311646808352116}. Best is trial 225 with value: 989.0.
[I 2025-07-25 17:09:48,759] Trial 232 finished with value: 988.983870967742 and parameters: {'layer_extract': -1, 'layer_steer': -32, 'alpha': 4.999094794721973}. Best is trial 225 with value: 989.0.
[I 2025-07-25 17:09:49,702] Trial 233 finished with value: 127.15120967741936 and parameters: {'layer_extract': -2, 'layer_steer': -32, 'alpha': 4.991204512294478}. Best is trial 225 with value: 989.0.
[I 2025-07-25 17:09:50,632] Trial 234 finished with value: 981.7321428571429 and parameters: {'layer_extract': -1, 'layer_steer': -29, 'alpha': 4.992952013970766}. Best is trial 225 with value: 989.0.
[I 2025-07-25 17:09:51,551] Trial 235 finished with value: 982.0535714285714 and parameters: {'layer_extract': -1, 'layer_steer': -29, 'alpha': 4.9944341088508315}. Best is trial 225 with value: 989.0.
[I 2025-07-25 17:09:52,487] Trial 236 finished with value: 946.0862068965517 and parameters: {'layer_extract': -1, 'layer_steer': -30, 'alpha': 4.805252900685446}. Best is trial 225 with value: 989.0.
[I 2025-07-25 17:09:53,421] Trial 237 finished with value: 100.31026785714286 and parameters: {'layer_extract': -2, 'layer_steer': -29, 'alpha': 4.999195932637425}. Best is trial 225 with value: 989.0.
[I 2025-07-25 17:09:54,336] Trial 238 finished with value: 948.875 and parameters: {'layer_extract': -1, 'layer_steer': -29, 'alpha': 4.821545439085671}. Best is trial 225 with value: 989.0.
[I 2025-07-25 17:09:55,238] Trial 239 finished with value: 127.26411290322581 and parameters: {'layer_extract': -2, 'layer_steer': -32, 'alpha': 4.999455851837816}. Best is trial 225 with value: 989.0.
[I 2025-07-25 17:09:56,172] Trial 240 finished with value: 92.85336538461539 and parameters: {'layer_extract': -3, 'layer_steer': -27, 'alpha': 4.994617392368983}. Best is trial 225 with value: 989.0.
[I 2025-07-25 17:09:57,110] Trial 241 finished with value: 970.9032258064516 and parameters: {'layer_extract': -1, 'layer_steer': -32, 'alpha': 4.904147754594255}. Best is trial 225 with value: 989.0.
[I 2025-07-25 17:09:58,032] Trial 242 finished with value: 982.6481481481482 and parameters: {'layer_extract': -1, 'layer_steer': -28, 'alpha': 4.999898446887644}. Best is trial 225 with value: 989.0.
[I 2025-07-25 17:09:58,940] Trial 243 finished with value: 964.574074074074 and parameters: {'layer_extract': -1, 'layer_steer': -28, 'alpha': 4.9056907282524085}. Best is trial 225 with value: 989.0.
[I 2025-07-25 17:09:59,874] Trial 244 finished with value: 99.73922413793103 and parameters: {'layer_extract': -2, 'layer_steer': -30, 'alpha': 4.999904880203819}. Best is trial 225 with value: 989.0.
[I 2025-07-25 17:10:00,817] Trial 245 finished with value: 952.8548387096774 and parameters: {'layer_extract': -1, 'layer_steer': -32, 'alpha': 4.81024135864989}. Best is trial 225 with value: 989.0.
[I 2025-07-25 17:10:01,736] Trial 246 finished with value: 966.3214285714286 and parameters: {'layer_extract': -1, 'layer_steer': -29, 'alpha': 4.912783717805188}. Best is trial 225 with value: 989.0.
[I 2025-07-25 17:10:02,651] Trial 247 finished with value: 95.70474137931035 and parameters: {'layer_extract': -2, 'layer_steer': -30, 'alpha': 4.745255656483664}. Best is trial 225 with value: 989.0.
[I 2025-07-25 17:10:03,588] Trial 248 finished with value: 953.1 and parameters: {'layer_extract': -1, 'layer_steer': -31, 'alpha': 4.840595316683972}. Best is trial 225 with value: 989.0.
[I 2025-07-25 17:10:04,517] Trial 249 finished with value: 99.69907407407408 and parameters: {'layer_extract': -2, 'layer_steer': -28, 'alpha': 4.921852722078467}. Best is trial 225 with value: 989.0.
[I 2025-07-25 17:10:05,461] Trial 250 finished with value: 988.5645161290323 and parameters: {'layer_extract': -1, 'layer_steer': -32, 'alpha': 4.997507377971482}. Best is trial 225 with value: 989.0.
[I 2025-07-25 17:10:06,362] Trial 251 finished with value: 98.81875 and parameters: {'layer_extract': -2, 'layer_steer': -31, 'alpha': 4.980616236318079}. Best is trial 225 with value: 989.0.
[I 2025-07-25 17:10:07,311] Trial 252 finished with value: 983.0344827586207 and parameters: {'layer_extract': -1, 'layer_steer': -30, 'alpha': 4.9979052001699165}. Best is trial 225 with value: 989.0.
[I 2025-07-25 17:10:08,249] Trial 253 finished with value: 981.0689655172414 and parameters: {'layer_extract': -1, 'layer_steer': -30, 'alpha': 4.987573199781476}. Best is trial 225 with value: 989.0.
[I 2025-07-25 17:10:09,177] Trial 254 finished with value: 100.24553571428571 and parameters: {'layer_extract': -2, 'layer_steer': -29, 'alpha': 4.9941960279374165}. Best is trial 225 with value: 989.0.
[I 2025-07-25 17:10:10,101] Trial 255 finished with value: 983.1896551724138 and parameters: {'layer_extract': -1, 'layer_steer': -30, 'alpha': 4.99825115441532}. Best is trial 225 with value: 989.0.
[I 2025-07-25 17:10:11,043] Trial 256 finished with value: 91.07758620689656 and parameters: {'layer_extract': -3, 'layer_steer': -30, 'alpha': 4.9999737440838965}. Best is trial 225 with value: 989.0.
[I 2025-07-25 17:10:11,980] Trial 257 finished with value: 944.6296296296297 and parameters: {'layer_extract': -1, 'layer_steer': -28, 'alpha': 4.801546967510176}. Best is trial 225 with value: 989.0.
[I 2025-07-25 17:10:12,909] Trial 258 finished with value: 97.625 and parameters: {'layer_extract': -2, 'layer_steer': -29, 'alpha': 4.82895796138189}. Best is trial 225 with value: 989.0.
[I 2025-07-25 17:10:13,814] Trial 259 finished with value: 35.845905172413794 and parameters: {'layer_extract': -15, 'layer_steer': -30, 'alpha': 4.999154320697255}. Best is trial 225 with value: 989.0.
[I 2025-07-25 17:10:14,763] Trial 260 finished with value: 168.92916666666667 and parameters: {'layer_extract': -1, 'layer_steer': -31, 'alpha': 0.7649078795918085}. Best is trial 225 with value: 989.0.
[I 2025-07-25 17:10:15,702] Trial 261 finished with value: 932.551724137931 and parameters: {'layer_extract': -1, 'layer_steer': -30, 'alpha': 4.7345775417822376}. Best is trial 225 with value: 989.0.
[I 2025-07-25 17:10:16,640] Trial 262 finished with value: 96.58125 and parameters: {'layer_extract': -2, 'layer_steer': -31, 'alpha': 4.839968761111599}. Best is trial 225 with value: 989.0.
[I 2025-07-25 17:10:17,546] Trial 263 finished with value: 90.40178571428571 and parameters: {'layer_extract': -3, 'layer_steer': -29, 'alpha': 4.904423110122183}. Best is trial 225 with value: 989.0.
[I 2025-07-25 17:10:18,479] Trial 264 finished with value: 20.388151041666667 and parameters: {'layer_extract': -31, 'layer_steer': -31, 'alpha': 4.833733278866887}. Best is trial 225 with value: 989.0.
[I 2025-07-25 17:10:19,418] Trial 265 finished with value: 968.0172413793103 and parameters: {'layer_extract': -1, 'layer_steer': -30, 'alpha': 4.919288851056179}. Best is trial 225 with value: 989.0.
[I 2025-07-25 17:10:20,336] Trial 266 finished with value: 123.73588709677419 and parameters: {'layer_extract': -2, 'layer_steer': -32, 'alpha': 4.747883153800208}. Best is trial 225 with value: 989.0.
[I 2025-07-25 17:10:21,287] Trial 267 finished with value: 983.75 and parameters: {'layer_extract': -1, 'layer_steer': -31, 'alpha': 4.999447814312594}. Best is trial 225 with value: 989.0.
[I 2025-07-25 17:10:22,226] Trial 268 finished with value: 982.7758620689655 and parameters: {'layer_extract': -1, 'layer_steer': -30, 'alpha': 4.996353361435117}. Best is trial 225 with value: 989.0.
[I 2025-07-25 17:10:23,147] Trial 269 finished with value: 99.18028846153847 and parameters: {'layer_extract': -2, 'layer_steer': -27, 'alpha': 4.855590273041604}. Best is trial 225 with value: 989.0.
[I 2025-07-25 17:10:24,063] Trial 270 finished with value: 982.9166666666666 and parameters: {'layer_extract': -1, 'layer_steer': -31, 'alpha': 4.995396984604411}. Best is trial 225 with value: 989.0.
[I 2025-07-25 17:10:24,989] Trial 271 finished with value: 95.22291666666666 and parameters: {'layer_extract': -2, 'layer_steer': -31, 'alpha': 4.753540982118913}. Best is trial 225 with value: 989.0.
[I 2025-07-25 17:10:25,945] Trial 272 finished with value: 962.4666666666667 and parameters: {'layer_extract': -1, 'layer_steer': -31, 'alpha': 4.888918616673032}. Best is trial 225 with value: 989.0.
[I 2025-07-25 17:10:26,880] Trial 273 finished with value: 127.21572580645162 and parameters: {'layer_extract': -2, 'layer_steer': -32, 'alpha': 4.995653472089886}. Best is trial 225 with value: 989.0.
[I 2025-07-25 17:10:27,793] Trial 274 finished with value: 958.4677419354839 and parameters: {'layer_extract': -1, 'layer_steer': -32, 'alpha': 4.838975080835527}. Best is trial 225 with value: 989.0.
[I 2025-07-25 17:10:28,729] Trial 275 finished with value: 34.6182650862069 and parameters: {'layer_extract': -3, 'layer_steer': -30, 'alpha': 1.060252161721699}. Best is trial 225 with value: 989.0.
[I 2025-07-25 17:10:29,670] Trial 276 finished with value: 964.25 and parameters: {'layer_extract': -1, 'layer_steer': -31, 'alpha': 4.898214637907325}. Best is trial 225 with value: 989.0.
[I 2025-07-25 17:10:30,594] Trial 277 finished with value: 92.5 and parameters: {'layer_extract': -9, 'layer_steer': -32, 'alpha': 4.751290647249628}. Best is trial 225 with value: 989.0.
[I 2025-07-25 17:10:31,513] Trial 278 finished with value: 99.05416666666666 and parameters: {'layer_extract': -2, 'layer_steer': -31, 'alpha': 4.995644019823432}. Best is trial 225 with value: 989.0.
[I 2025-07-25 17:10:32,451] Trial 279 finished with value: 58.064655172413794 and parameters: {'layer_extract': -10, 'layer_steer': -30, 'alpha': 4.892096666914673}. Best is trial 225 with value: 989.0.
[I 2025-07-25 17:10:33,403] Trial 280 finished with value: 988.983870967742 and parameters: {'layer_extract': -1, 'layer_steer': -32, 'alpha': 4.999091560521036}. Best is trial 225 with value: 989.0.
[I 2025-07-25 17:10:34,329] Trial 281 finished with value: 124.84274193548387 and parameters: {'layer_extract': -2, 'layer_steer': -32, 'alpha': 4.826181361263804}. Best is trial 225 with value: 989.0.
[I 2025-07-25 17:10:35,260] Trial 282 finished with value: 970.241935483871 and parameters: {'layer_extract': -1, 'layer_steer': -32, 'alpha': 4.9006396385777276}. Best is trial 225 with value: 989.0.
[I 2025-07-25 17:10:36,174] Trial 283 finished with value: 97.70833333333333 and parameters: {'layer_extract': -3, 'layer_steer': -19, 'alpha': 4.722795513265546}. Best is trial 225 with value: 989.0.
[I 2025-07-25 17:10:37,111] Trial 284 finished with value: 967.2833333333333 and parameters: {'layer_extract': -1, 'layer_steer': -31, 'alpha': 4.913536335280155}. Best is trial 225 with value: 989.0.
[I 2025-07-25 17:10:38,043] Trial 285 finished with value: 124.72177419354838 and parameters: {'layer_extract': -2, 'layer_steer': -32, 'alpha': 4.817624728965608}. Best is trial 225 with value: 989.0.
[I 2025-07-25 17:10:38,967] Trial 286 finished with value: 982.9827586206897 and parameters: {'layer_extract': -1, 'layer_steer': -30, 'alpha': 4.997131721593808}. Best is trial 225 with value: 989.0.
[I 2025-07-25 17:10:39,909] Trial 287 finished with value: 25.277747844827587 and parameters: {'layer_extract': -21, 'layer_steer': -30, 'alpha': 4.892763260618763}. Best is trial 225 with value: 989.0.
[I 2025-07-25 17:10:40,859] Trial 288 finished with value: 95.85625 and parameters: {'layer_extract': -2, 'layer_steer': -31, 'alpha': 4.794009650018013}. Best is trial 225 with value: 989.0.
[I 2025-07-25 17:10:41,779] Trial 289 finished with value: 988.0483870967741 and parameters: {'layer_extract': -1, 'layer_steer': -32, 'alpha': 4.994420419778915}. Best is trial 225 with value: 989.0.
[I 2025-07-25 17:10:42,733] Trial 290 finished with value: 988.983870967742 and parameters: {'layer_extract': -1, 'layer_steer': -32, 'alpha': 4.999132115470055}. Best is trial 225 with value: 989.0.
[I 2025-07-25 17:10:43,667] Trial 291 finished with value: 118.2116935483871 and parameters: {'layer_extract': -3, 'layer_steer': -32, 'alpha': 4.896046954564418}. Best is trial 225 with value: 989.0.
[I 2025-07-25 17:10:44,580] Trial 292 finished with value: 88.49193548387096 and parameters: {'layer_extract': -2, 'layer_steer': -32, 'alpha': 2.205392678572949}. Best is trial 225 with value: 989.0.
[I 2025-07-25 17:10:45,498] Trial 293 finished with value: 936.2258064516129 and parameters: {'layer_extract': -1, 'layer_steer': -32, 'alpha': 4.723732814278048}. Best is trial 225 with value: 989.0.
[I 2025-07-25 17:10:46,444] Trial 294 finished with value: 963.9333333333333 and parameters: {'layer_extract': -1, 'layer_steer': -31, 'alpha': 4.896460270411414}. Best is trial 225 with value: 989.0.
[I 2025-07-25 17:10:47,387] Trial 295 finished with value: 124.70564516129032 and parameters: {'layer_extract': -2, 'layer_steer': -32, 'alpha': 4.816174578166947}. Best is trial 225 with value: 989.0.
[I 2025-07-25 17:10:48,318] Trial 296 finished with value: 982.6 and parameters: {'layer_extract': -1, 'layer_steer': -31, 'alpha': 4.993935050532816}. Best is trial 225 with value: 989.0.
[I 2025-07-25 17:10:49,258] Trial 297 finished with value: 125.66129032258064 and parameters: {'layer_extract': -2, 'layer_steer': -32, 'alpha': 4.8845164332013}. Best is trial 225 with value: 989.0.
[I 2025-07-25 17:10:50,209] Trial 298 finished with value: 925.9 and parameters: {'layer_extract': -1, 'layer_steer': -31, 'alpha': 4.698934242253708}. Best is trial 225 with value: 989.0.
[I 2025-07-25 17:10:51,151] Trial 299 finished with value: 119.40322580645162 and parameters: {'layer_extract': -3, 'layer_steer': -32, 'alpha': 4.993401268720291}. Best is trial 225 with value: 989.0.
