steer_dict = {"happy": 1.0, "sad": -1.0}
steer_prompt = "how are u doing today?" # ToDo: maybe add multiple prompts?

Best trial:
{'layer_extract': -1, 'layer_steer': -32, 'alpha': 4.9992363853486355}
Best value: 989.0

[I 2025-07-25 17:06:20,675] Trial 0 finished with value: 9.45537109375 and parameters: {'layer_extract': -29, 'layer_steer': -21, 'alpha': 4.845129520147309}. Best is trial 0 with value: 9.45537109375.
[I 2025-07-25 17:06:21,579] Trial 1 finished with value: 22.798755787037038 and parameters: {'layer_extract': -21, 'layer_steer': -28, 'alpha': 2.412690679975422}. Best is trial 1 with value: 22.798755787037038.
[I 2025-07-25 17:06:22,498] Trial 2 finished with value: 0.28062220982142855 and parameters: {'layer_extract': -30, 'layer_steer': -22, 'alpha': 0.15294429862444192}. Best is trial 1 with value: 22.798755787037038.
[I 2025-07-25 17:06:23,379] Trial 3 finished with value: 78.09895833333333 and parameters: {'layer_extract': -11, 'layer_steer': -7, 'alpha': 3.505195815767315}. Best is trial 3 with value: 78.09895833333333.
[I 2025-07-25 17:06:24,309] Trial 4 finished with value: 14.89818431712963 and parameters: {'layer_extract': -25, 'layer_steer': -28, 'alpha': 1.7356959700255503}. Best is trial 3 with value: 78.09895833333333.
[I 2025-07-25 17:06:25,231] Trial 5 finished with value: 25.727473958333334 and parameters: {'layer_extract': -19, 'layer_steer': -31, 'alpha': 4.581420658470355}. Best is trial 3 with value: 78.09895833333333.
[I 2025-07-25 17:06:26,135] Trial 6 finished with value: 120.58266129032258 and parameters: {'layer_extract': -2, 'layer_steer': -32, 'alpha': 4.522831975489137}. Best is trial 6 with value: 120.58266129032258.
[I 2025-07-25 17:06:27,066] Trial 7 finished with value: 4.72734375 and parameters: {'layer_extract': -30, 'layer_steer': -31, 'alpha': 0.7075006287649296}. Best is trial 6 with value: 120.58266129032258.
[I 2025-07-25 17:06:27,971] Trial 8 finished with value: 13.63037109375 and parameters: {'layer_extract': -15, 'layer_steer': -17, 'alpha': 0.8283995472056072}. Best is trial 6 with value: 120.58266129032258.
[I 2025-07-25 17:06:28,846] Trial 9 finished with value: 18.761067708333332 and parameters: {'layer_extract': -24, 'layer_steer': -7, 'alpha': 4.598869680296015}. Best is trial 6 with value: 120.58266129032258.
[I 2025-07-25 17:06:29,749] Trial 10 finished with value: 684.4583333333334 and parameters: {'layer_extract': -1, 'layer_steer': -13, 'alpha': 3.4665482951167226}. Best is trial 10 with value: 684.4583333333334.
[I 2025-07-25 17:06:30,643] Trial 11 finished with value: 696.2 and parameters: {'layer_extract': -1, 'layer_steer': -11, 'alpha': 3.5452100318153974}. Best is trial 11 with value: 696.2.
[I 2025-07-25 17:06:31,525] Trial 12 finished with value: 614.4545454545455 and parameters: {'layer_extract': -1, 'layer_steer': -12, 'alpha': 3.086184061908472}. Best is trial 11 with value: 696.2.
[I 2025-07-25 17:06:32,396] Trial 13 finished with value: 76.76704545454545 and parameters: {'layer_extract': -7, 'layer_steer': -12, 'alpha': 3.663097351327788}. Best is trial 11 with value: 696.2.
[I 2025-07-25 17:06:33,264] Trial 14 finished with value: 136.125 and parameters: {'layer_extract': -7, 'layer_steer': -3, 'alpha': 2.554458348756393}. Best is trial 11 with value: 696.2.
[I 2025-07-25 17:06:34,125] Trial 15 finished with value: 74.79086538461539 and parameters: {'layer_extract': -6, 'layer_steer': -14, 'alpha': 3.658480862508349}. Best is trial 11 with value: 696.2.
[I 2025-07-25 17:06:35,005] Trial 16 finished with value: 50.966517857142854 and parameters: {'layer_extract': -13, 'layer_steer': -8, 'alpha': 2.8064720361819884}. Best is trial 11 with value: 696.2.
[I 2025-07-25 17:06:35,911] Trial 17 finished with value: 52.154411764705884 and parameters: {'layer_extract': -4, 'layer_steer': -18, 'alpha': 1.6626995741881865}. Best is trial 11 with value: 696.2.
[I 2025-07-25 17:06:36,789] Trial 18 finished with value: 123.04166666666667 and parameters: {'layer_extract': -11, 'layer_steer': -4, 'alpha': 4.040031490552735}. Best is trial 11 with value: 696.2.
[I 2025-07-25 17:06:37,691] Trial 19 finished with value: 450.925 and parameters: {'layer_extract': -1, 'layer_steer': -11, 'alpha': 2.1780598531367237}. Best is trial 11 with value: 696.2.
[I 2025-07-25 17:06:38,584] Trial 20 finished with value: 63.873958333333334 and parameters: {'layer_extract': -8, 'layer_steer': -16, 'alpha': 3.165216562064149}. Best is trial 11 with value: 696.2.
[I 2025-07-25 17:06:39,472] Trial 21 finished with value: 605.8 and parameters: {'layer_extract': -1, 'layer_steer': -11, 'alpha': 3.0405302903896}. Best is trial 11 with value: 696.2.
[I 2025-07-25 17:06:40,376] Trial 22 finished with value: 92.27604166666667 and parameters: {'layer_extract': -4, 'layer_steer': -13, 'alpha': 4.162311392295767}. Best is trial 11 with value: 696.2.
[I 2025-07-25 17:06:41,251] Trial 23 finished with value: 93.7265625 and parameters: {'layer_extract': -4, 'layer_steer': -9, 'alpha': 3.309049066970432}. Best is trial 11 with value: 696.2.
[I 2025-07-25 17:06:42,126] Trial 24 finished with value: 61.10690789473684 and parameters: {'layer_extract': -10, 'layer_steer': -20, 'alpha': 4.042454049925336}. Best is trial 11 with value: 696.2.
[I 2025-07-25 17:06:43,012] Trial 25 finished with value: 58.435267857142854 and parameters: {'layer_extract': -4, 'layer_steer': -15, 'alpha': 1.8247764927358248}. Best is trial 11 with value: 696.2.
[I 2025-07-25 17:06:43,884] Trial 26 finished with value: 569.25 and parameters: {'layer_extract': -1, 'layer_steer': -5, 'alpha': 2.8165037321730937}. Best is trial 11 with value: 696.2.
[I 2025-07-25 17:06:44,775] Trial 27 finished with value: 80.51388888888889 and parameters: {'layer_extract': -9, 'layer_steer': -10, 'alpha': 4.023772490835241}. Best is trial 11 with value: 696.2.
[I 2025-07-25 17:06:45,686] Trial 28 finished with value: 36.728400735294116 and parameters: {'layer_extract': -16, 'layer_steer': -18, 'alpha': 3.6141137735968827}. Best is trial 11 with value: 696.2.
[I 2025-07-25 17:06:46,609] Trial 29 finished with value: 77.45170454545455 and parameters: {'layer_extract': -5, 'layer_steer': -23, 'alpha': 4.841210037880834}. Best is trial 11 with value: 696.2.
[I 2025-07-25 17:06:47,499] Trial 30 finished with value: 0.7594463641826923 and parameters: {'layer_extract': -33, 'layer_steer': -14, 'alpha': 2.1640203660924007}. Best is trial 11 with value: 696.2.
[I 2025-07-25 17:06:48,384] Trial 31 finished with value: 586.45 and parameters: {'layer_extract': -1, 'layer_steer': -11, 'alpha': 2.9331667836371365}. Best is trial 11 with value: 696.2.
[I 2025-07-25 17:06:49,277] Trial 32 finished with value: 84.38541666666667 and parameters: {'layer_extract': -3, 'layer_steer': -13, 'alpha': 3.0954032160507863}. Best is trial 11 with value: 696.2.
[I 2025-07-25 17:06:50,138] Trial 33 finished with value: 523.75 and parameters: {'layer_extract': -1, 'layer_steer': -9, 'alpha': 2.575594443167265}. Best is trial 11 with value: 696.2.
[I 2025-07-25 17:06:51,017] Trial 34 finished with value: 92.03645833333333 and parameters: {'layer_extract': -6, 'layer_steer': -7, 'alpha': 3.3435248838264795}. Best is trial 11 with value: 696.2.
[I 2025-07-25 17:06:51,918] Trial 35 finished with value: 90.56414473684211 and parameters: {'layer_extract': -2, 'layer_steer': -20, 'alpha': 3.8608102360435295}. Best is trial 11 with value: 696.2.
[I 2025-07-25 17:06:52,801] Trial 36 finished with value: 56.49609375 and parameters: {'layer_extract': -13, 'layer_steer': -5, 'alpha': 2.3194999263208578}. Best is trial 11 with value: 696.2.
[I 2025-07-25 17:06:53,700] Trial 37 finished with value: 18.087109375 and parameters: {'layer_extract': -19, 'layer_steer': -11, 'alpha': 3.3405616739689648}. Best is trial 11 with value: 696.2.
[I 2025-07-25 17:06:54,603] Trial 38 finished with value: 66.03125 and parameters: {'layer_extract': -3, 'layer_steer': -25, 'alpha': 2.9639813351170208}. Best is trial 11 with value: 696.2.
[I 2025-07-25 17:06:55,508] Trial 39 finished with value: 10.815885416666667 and parameters: {'layer_extract': -24, 'layer_steer': -16, 'alpha': 2.7148736395445767}. Best is trial 11 with value: 696.2.
[I 2025-07-25 17:06:56,369] Trial 40 finished with value: 10.25078125 and parameters: {'layer_extract': -27, 'layer_steer': -6, 'alpha': 3.4572548237125003}. Best is trial 11 with value: 696.2.
[I 2025-07-25 17:06:57,265] Trial 41 finished with value: 587.1 and parameters: {'layer_extract': -1, 'layer_steer': -11, 'alpha': 2.936777812554009}. Best is trial 11 with value: 696.2.
[I 2025-07-25 17:06:58,151] Trial 42 finished with value: 103.45454545454545 and parameters: {'layer_extract': -3, 'layer_steer': -12, 'alpha': 4.304147044020475}. Best is trial 11 with value: 696.2.
[I 2025-07-25 17:06:59,016] Trial 43 finished with value: 87.58203125 and parameters: {'layer_extract': -6, 'layer_steer': -9, 'alpha': 3.7971977854093097}. Best is trial 11 with value: 696.2.
[I 2025-07-25 17:06:59,905] Trial 44 finished with value: 85.66346153846153 and parameters: {'layer_extract': -2, 'layer_steer': -14, 'alpha': 3.000084060837144}. Best is trial 11 with value: 696.2.
[I 2025-07-25 17:07:00,777] Trial 45 finished with value: 588.0 and parameters: {'layer_extract': -1, 'layer_steer': -2, 'alpha': 3.180326982504613}. Best is trial 11 with value: 696.2.
[I 2025-07-25 17:07:01,648] Trial 46 finished with value: 152.234375 and parameters: {'layer_extract': -8, 'layer_steer': -3, 'alpha': 3.2068656067194268}. Best is trial 11 with value: 696.2.
[I 2025-07-25 17:07:02,511] Trial 47 finished with value: 306.25 and parameters: {'layer_extract': -5, 'layer_steer': -2, 'alpha': 3.557710557882432}. Best is trial 11 with value: 696.2.
[I 2025-07-25 17:07:03,392] Trial 48 finished with value: 21.662946428571427 and parameters: {'layer_extract': -21, 'layer_steer': -8, 'alpha': 4.350399765523386}. Best is trial 11 with value: 696.2.
[I 2025-07-25 17:07:04,297] Trial 49 finished with value: 86.81433823529412 and parameters: {'layer_extract': -3, 'layer_steer': -18, 'alpha': 3.8242793054059767}. Best is trial 11 with value: 696.2.
[I 2025-07-25 17:07:05,220] Trial 50 finished with value: 49.05902777777778 and parameters: {'layer_extract': -5, 'layer_steer': -28, 'alpha': 2.585962869733661}. Best is trial 11 with value: 696.2.
[I 2025-07-25 17:07:06,112] Trial 51 finished with value: 626.5 and parameters: {'layer_extract': -1, 'layer_steer': -12, 'alpha': 3.1527938579255355}. Best is trial 11 with value: 696.2.
[I 2025-07-25 17:07:07,008] Trial 52 finished with value: 92.19602272727273 and parameters: {'layer_extract': -2, 'layer_steer': -12, 'alpha': 3.1620569616798284}. Best is trial 11 with value: 696.2.
[I 2025-07-25 17:07:07,901] Trial 53 finished with value: 83.97083333333333 and parameters: {'layer_extract': -3, 'layer_steer': -16, 'alpha': 3.401929816284035}. Best is trial 11 with value: 696.2.
[I 2025-07-25 17:07:08,786] Trial 54 finished with value: 75.19270833333333 and parameters: {'layer_extract': -7, 'layer_steer': -13, 'alpha': 3.674058068734407}. Best is trial 11 with value: 696.2.
[I 2025-07-25 17:07:09,683] Trial 55 finished with value: 114.31944444444444 and parameters: {'layer_extract': -1, 'layer_steer': -10, 'alpha': 0.315980240453968}. Best is trial 11 with value: 696.2.
[I 2025-07-25 17:07:10,557] Trial 56 finished with value: 74.14955357142857 and parameters: {'layer_extract': -5, 'layer_steer': -8, 'alpha': 2.3509689539027177}. Best is trial 11 with value: 696.2.
[I 2025-07-25 17:07:11,461] Trial 57 finished with value: 56.39174107142857 and parameters: {'layer_extract': -2, 'layer_steer': -15, 'alpha': 1.380059765535652}. Best is trial 11 with value: 696.2.
[I 2025-07-25 17:07:12,353] Trial 58 finished with value: 81.79861111111111 and parameters: {'layer_extract': -4, 'layer_steer': -10, 'alpha': 2.7415148130014275}. Best is trial 11 with value: 696.2.
[I 2025-07-25 17:07:13,247] Trial 59 finished with value: 101.3625 and parameters: {'layer_extract': -7, 'layer_steer': -6, 'alpha': 3.4768156997080513}. Best is trial 11 with value: 696.2.
[I 2025-07-25 17:07:14,154] Trial 60 finished with value: 84.53515625 and parameters: {'layer_extract': -2, 'layer_steer': -17, 'alpha': 3.213427053300372}. Best is trial 11 with value: 696.2.
[I 2025-07-25 17:07:15,035] Trial 61 finished with value: 578.8636363636364 and parameters: {'layer_extract': -1, 'layer_steer': -12, 'alpha': 2.8893947899477728}. Best is trial 11 with value: 696.2.
[I 2025-07-25 17:07:15,920] Trial 62 finished with value: 605.8 and parameters: {'layer_extract': -1, 'layer_steer': -11, 'alpha': 3.0411179344998853}. Best is trial 11 with value: 696.2.
[I 2025-07-25 17:07:16,817] Trial 63 finished with value: 77.33173076923077 and parameters: {'layer_extract': -4, 'layer_steer': -14, 'alpha': 3.100779368135819}. Best is trial 11 with value: 696.2.
[I 2025-07-25 17:07:17,711] Trial 64 finished with value: 93.23958333333333 and parameters: {'layer_extract': -3, 'layer_steer': -13, 'alpha': 3.7251812454276543}. Best is trial 11 with value: 696.2.
[I 2025-07-25 17:07:18,605] Trial 65 finished with value: 770.1666666666666 and parameters: {'layer_extract': -1, 'layer_steer': -10, 'alpha': 3.970198871962014}. Best is trial 65 with value: 770.1666666666666.
[I 2025-07-25 17:07:19,483] Trial 66 finished with value: 112.63888888888889 and parameters: {'layer_extract': -2, 'layer_steer': -10, 'alpha': 4.04517643600159}. Best is trial 65 with value: 770.1666666666666.
[I 2025-07-25 17:07:20,374] Trial 67 finished with value: 88.96875 and parameters: {'layer_extract': -6, 'layer_steer': -9, 'alpha': 3.907691761355063}. Best is trial 65 with value: 770.1666666666666.
[I 2025-07-25 17:07:21,263] Trial 68 finished with value: 89.525 and parameters: {'layer_extract': -4, 'layer_steer': -11, 'alpha': 3.558161276388566}. Best is trial 65 with value: 770.1666666666666.
[I 2025-07-25 17:07:22,170] Trial 69 finished with value: 68.99553571428571 and parameters: {'layer_extract': -12, 'layer_steer': -15, 'alpha': 4.789222778871899}. Best is trial 65 with value: 770.1666666666666.
[I 2025-07-25 17:07:23,059] Trial 70 finished with value: 80.14488636363636 and parameters: {'layer_extract': -9, 'layer_steer': -12, 'alpha': 4.443107983386251}. Best is trial 65 with value: 770.1666666666666.
[I 2025-07-25 17:07:23,951] Trial 71 finished with value: 647.1428571428571 and parameters: {'layer_extract': -1, 'layer_steer': -8, 'alpha': 3.290326929692498}. Best is trial 65 with value: 770.1666666666666.
[I 2025-07-25 17:07:24,845] Trial 72 finished with value: 536.8571428571429 and parameters: {'layer_extract': -1, 'layer_steer': -8, 'alpha': 2.6442445516712176}. Best is trial 65 with value: 770.1666666666666.
[I 2025-07-25 17:07:25,721] Trial 73 finished with value: 118.75520833333333 and parameters: {'layer_extract': -2, 'layer_steer': -7, 'alpha': 3.291670426358042}. Best is trial 65 with value: 770.1666666666666.
[I 2025-07-25 17:07:26,602] Trial 74 finished with value: 91.74652777777777 and parameters: {'layer_extract': -3, 'layer_steer': -10, 'alpha': 3.024377989110099}. Best is trial 65 with value: 770.1666666666666.
[I 2025-07-25 17:07:27,480] Trial 75 finished with value: 802.0625 and parameters: {'layer_extract': -1, 'layer_steer': -9, 'alpha': 4.171439489831153}. Best is trial 75 with value: 802.0625.
[I 2025-07-25 17:07:28,360] Trial 76 finished with value: 129.35625 and parameters: {'layer_extract': -4, 'layer_steer': -6, 'alpha': 4.16045689972713}. Best is trial 75 with value: 802.0625.
[I 2025-07-25 17:07:29,248] Trial 77 finished with value: 102.265625 and parameters: {'layer_extract': -5, 'layer_steer': -9, 'alpha': 4.658983733859229}. Best is trial 75 with value: 802.0625.
[I 2025-07-25 17:07:30,139] Trial 78 finished with value: 100.54829545454545 and parameters: {'layer_extract': -2, 'layer_steer': -12, 'alpha': 3.6876670822958886}. Best is trial 75 with value: 802.0625.
[I 2025-07-25 17:07:31,031] Trial 79 finished with value: 96.578125 and parameters: {'layer_extract': -3, 'layer_steer': -13, 'alpha': 3.9645932728683033}. Best is trial 75 with value: 802.0625.
[I 2025-07-25 17:07:31,923] Trial 80 finished with value: 804.6875 and parameters: {'layer_extract': -1, 'layer_steer': -9, 'alpha': 4.186178923587239}. Best is trial 80 with value: 804.6875.
[I 2025-07-25 17:07:32,797] Trial 81 finished with value: 814.0625 and parameters: {'layer_extract': -1, 'layer_steer': -9, 'alpha': 4.240107462515664}. Best is trial 81 with value: 814.0625.
[I 2025-07-25 17:07:33,665] Trial 82 finished with value: 808.2142857142857 and parameters: {'layer_extract': -1, 'layer_steer': -8, 'alpha': 4.233385286868656}. Best is trial 81 with value: 814.0625.
[I 2025-07-25 17:07:34,543] Trial 83 finished with value: 124.16071428571429 and parameters: {'layer_extract': -2, 'layer_steer': -8, 'alpha': 4.1339873877382205}. Best is trial 81 with value: 814.0625.
[I 2025-07-25 17:07:35,423] Trial 84 finished with value: 782.75 and parameters: {'layer_extract': -1, 'layer_steer': -5, 'alpha': 4.239906999932335}. Best is trial 81 with value: 814.0625.
[I 2025-07-25 17:07:36,292] Trial 85 finished with value: 156.734375 and parameters: {'layer_extract': -3, 'layer_steer': -5, 'alpha': 4.305024954659426}. Best is trial 81 with value: 814.0625.
[I 2025-07-25 17:07:37,180] Trial 86 finished with value: 174.36458333333334 and parameters: {'layer_extract': -4, 'layer_steer': -4, 'alpha': 4.635002955600975}. Best is trial 81 with value: 814.0625.
[I 2025-07-25 17:07:38,061] Trial 87 finished with value: 138.14583333333334 and parameters: {'layer_extract': -2, 'layer_steer': -7, 'alpha': 4.520628257644497}. Best is trial 81 with value: 814.0625.
[I 2025-07-25 17:07:38,941] Trial 88 finished with value: 909.4 and parameters: {'layer_extract': -1, 'layer_steer': -6, 'alpha': 4.955501069353126}. Best is trial 88 with value: 909.4.
[I 2025-07-25 17:07:39,829] Trial 89 finished with value: 35.052083333333336 and parameters: {'layer_extract': -17, 'layer_steer': -7, 'alpha': 4.255402942080286}. Best is trial 88 with value: 909.4.
[I 2025-07-25 17:07:40,700] Trial 90 finished with value: 167.01041666666666 and parameters: {'layer_extract': -5, 'layer_steer': -4, 'alpha': 4.937708474443836}. Best is trial 88 with value: 909.4.
[I 2025-07-25 17:07:41,581] Trial 91 finished with value: 833.4 and parameters: {'layer_extract': -1, 'layer_steer': -6, 'alpha': 4.478468516418776}. Best is trial 88 with value: 909.4.
[I 2025-07-25 17:07:42,463] Trial 92 finished with value: 148.4625 and parameters: {'layer_extract': -2, 'layer_steer': -6, 'alpha': 4.418335213016722}. Best is trial 88 with value: 909.4.
[I 2025-07-25 17:07:43,335] Trial 93 finished with value: 858.25 and parameters: {'layer_extract': -1, 'layer_steer': -5, 'alpha': 4.746238994774211}. Best is trial 88 with value: 909.4.
[I 2025-07-25 17:07:44,196] Trial 94 finished with value: 162.453125 and parameters: {'layer_extract': -3, 'layer_steer': -5, 'alpha': 4.704864179784316}. Best is trial 88 with value: 909.4.
[I 2025-07-25 17:07:45,071] Trial 95 finished with value: 791.5 and parameters: {'layer_extract': -1, 'layer_steer': -3, 'alpha': 4.978257583569824}. Best is trial 88 with value: 909.4.
[I 2025-07-25 17:07:45,940] Trial 96 finished with value: 855.5 and parameters: {'layer_extract': -1, 'layer_steer': -4, 'alpha': 4.947383889212965}. Best is trial 88 with value: 909.4.
[I 2025-07-25 17:07:46,825] Trial 97 finished with value: 198.66666666666666 and parameters: {'layer_extract': -2, 'layer_steer': -4, 'alpha': 4.985710780362553}. Best is trial 88 with value: 909.4.
[I 2025-07-25 17:07:47,697] Trial 98 finished with value: 773.5 and parameters: {'layer_extract': -1, 'layer_steer': -3, 'alpha': 4.797142154348158}. Best is trial 88 with value: 909.4.
[I 2025-07-25 17:07:48,561] Trial 99 finished with value: 394.0 and parameters: {'layer_extract': -3, 'layer_steer': -2, 'alpha': 4.901262231409838}. Best is trial 88 with value: 909.4.
[I 2025-07-25 17:07:49,448] Trial 100 finished with value: 766.0 and parameters: {'layer_extract': -1, 'layer_steer': -3, 'alpha': 4.723731238761696}. Best is trial 88 with value: 909.4.
[I 2025-07-25 17:07:50,326] Trial 101 finished with value: 246.40625 and parameters: {'layer_extract': -2, 'layer_steer': -3, 'alpha': 4.826922125010518}. Best is trial 88 with value: 909.4.
[I 2025-07-25 17:07:51,218] Trial 102 finished with value: 816.875 and parameters: {'layer_extract': -1, 'layer_steer': -5, 'alpha': 4.468373310536599}. Best is trial 88 with value: 909.4.
[I 2025-07-25 17:07:52,112] Trial 103 finished with value: 143.125 and parameters: {'layer_extract': -3, 'layer_steer': -6, 'alpha': 4.535245500640877}. Best is trial 88 with value: 909.4.
[I 2025-07-25 17:07:52,995] Trial 104 finished with value: 818.0 and parameters: {'layer_extract': -1, 'layer_steer': -5, 'alpha': 4.475363668723877}. Best is trial 88 with value: 909.4.
[I 2025-07-25 17:07:53,865] Trial 105 finished with value: 190.64583333333334 and parameters: {'layer_extract': -2, 'layer_steer': -4, 'alpha': 4.465854961980399}. Best is trial 88 with value: 909.4.
[I 2025-07-25 17:07:54,740] Trial 106 finished with value: 151.4921875 and parameters: {'layer_extract': -4, 'layer_steer': -5, 'alpha': 4.602321522980879}. Best is trial 88 with value: 909.4.
[I 2025-07-25 17:07:55,610] Trial 107 finished with value: 3.02607421875 and parameters: {'layer_extract': -32, 'layer_steer': -6, 'alpha': 4.416883318439402}. Best is trial 88 with value: 909.4.
[I 2025-07-25 17:07:56,476] Trial 108 finished with value: 593.0 and parameters: {'layer_extract': -1, 'layer_steer': -2, 'alpha': 4.99321257304768}. Best is trial 88 with value: 909.4.
[I 2025-07-25 17:07:57,361] Trial 109 finished with value: 134.4375 and parameters: {'layer_extract': -3, 'layer_steer': -7, 'alpha': 4.762536739678926}. Best is trial 88 with value: 909.4.
