[I 2025-07-25 17:07:58,232] Trial 110 finished with value: 192.22916666666666 and parameters: {'layer_extract': -2, 'layer_steer': -4, 'alpha': 4.566822270463673}. Best is trial 88 with value: 909.4.
[I 2025-07-25 17:07:59,090] Trial 111 finished with value: 799.5 and parameters: {'layer_extract': -1, 'layer_steer': -5, 'alpha': 4.352479580695076}. Best is trial 88 with value: 909.4.
[I 2025-07-25 17:07:59,958] Trial 112 finished with value: 764.5 and parameters: {'layer_extract': -1, 'layer_steer': -5, 'alpha': 4.118107767686914}. Best is trial 88 with value: 909.4.
[I 2025-07-25 17:08:00,836] Trial 113 finished with value: 898.7 and parameters: {'layer_extract': -1, 'layer_steer': -6, 'alpha': 4.888271894618923}. Best is trial 88 with value: 909.4.
[I 2025-07-25 17:08:01,688] Trial 114 finished with value: 143.6875 and parameters: {'layer_extract': -2, 'layer_steer': -7, 'alpha': 4.8890016564093015}. Best is trial 88 with value: 909.4.
[I 2025-07-25 17:08:02,565] Trial 115 finished with value: 130.65 and parameters: {'layer_extract': -4, 'layer_steer': -6, 'alpha': 4.255459766331674}. Best is trial 88 with value: 909.4.
[I 2025-07-25 17:08:03,451] Trial 116 finished with value: 120.75892857142857 and parameters: {'layer_extract': -3, 'layer_steer': -8, 'alpha': 4.359498368286756}. Best is trial 88 with value: 909.4.
[I 2025-07-25 17:08:04,339] Trial 117 finished with value: 126.4609375 and parameters: {'layer_extract': -2, 'layer_steer': -9, 'alpha': 4.6529004810872525}. Best is trial 88 with value: 909.4.
[I 2025-07-25 17:08:05,216] Trial 118 finished with value: 850.4166666666666 and parameters: {'layer_extract': -1, 'layer_steer': -7, 'alpha': 4.523848093064504}. Best is trial 88 with value: 909.4.
[I 2025-07-25 17:08:06,103] Trial 119 finished with value: 848.1666666666666 and parameters: {'layer_extract': -1, 'layer_steer': -7, 'alpha': 4.510210888140493}. Best is trial 88 with value: 909.4.
[I 2025-07-25 17:08:06,992] Trial 120 finished with value: 11.2734375 and parameters: {'layer_extract': -28, 'layer_steer': -6, 'alpha': 4.510623876112945}. Best is trial 88 with value: 909.4.
[I 2025-07-25 17:08:07,878] Trial 121 finished with value: 878.6666666666666 and parameters: {'layer_extract': -1, 'layer_steer': -7, 'alpha': 4.694292609057084}. Best is trial 88 with value: 909.4.
[I 2025-07-25 17:08:08,765] Trial 122 finished with value: 135.0625 and parameters: {'layer_extract': -2, 'layer_steer': -8, 'alpha': 4.846031024307382}. Best is trial 88 with value: 909.4.
[I 2025-07-25 17:08:09,638] Trial 123 finished with value: 883.75 and parameters: {'layer_extract': -1, 'layer_steer': -7, 'alpha': 4.724540636224758}. Best is trial 88 with value: 909.4.
[I 2025-07-25 17:08:10,519] Trial 124 finished with value: 141.61458333333334 and parameters: {'layer_extract': -2, 'layer_steer': -7, 'alpha': 4.750474233869538}. Best is trial 88 with value: 909.4.
[I 2025-07-25 17:08:11,381] Trial 125 finished with value: 161.203125 and parameters: {'layer_extract': -3, 'layer_steer': -5, 'alpha': 4.614103085513287}. Best is trial 88 with value: 909.4.
[I 2025-07-25 17:08:12,253] Trial 126 finished with value: 24.853125 and parameters: {'layer_extract': -22, 'layer_steer': -6, 'alpha': 4.713240349878604}. Best is trial 88 with value: 909.4.
[I 2025-07-25 17:08:13,145] Trial 127 finished with value: 843.5833333333334 and parameters: {'layer_extract': -1, 'layer_steer': -7, 'alpha': 4.482757508253169}. Best is trial 88 with value: 909.4.
[I 2025-07-25 17:08:14,017] Trial 128 finished with value: 135.90625 and parameters: {'layer_extract': -3, 'layer_steer': -7, 'alpha': 4.870883774556086}. Best is trial 88 with value: 909.4.
[I 2025-07-25 17:08:14,872] Trial 129 finished with value: 123.71875 and parameters: {'layer_extract': -5, 'layer_steer': -6, 'alpha': 4.552049581862947}. Best is trial 88 with value: 909.4.
[I 2025-07-25 17:08:15,728] Trial 130 finished with value: 190.375 and parameters: {'layer_extract': -2, 'layer_steer': -4, 'alpha': 4.449342458042655}. Best is trial 88 with value: 909.4.
[I 2025-07-25 17:08:16,600] Trial 131 finished with value: 873.25 and parameters: {'layer_extract': -1, 'layer_steer': -7, 'alpha': 4.6615583054910426}. Best is trial 88 with value: 909.4.
[I 2025-07-25 17:08:17,474] Trial 132 finished with value: 873.6666666666666 and parameters: {'layer_extract': -1, 'layer_steer': -7, 'alpha': 4.663992620400851}. Best is trial 88 with value: 909.4.
[I 2025-07-25 17:08:18,344] Trial 133 finished with value: 875.3333333333334 and parameters: {'layer_extract': -1, 'layer_steer': -7, 'alpha': 4.673594411464708}. Best is trial 88 with value: 909.4.
[I 2025-07-25 17:08:19,234] Trial 134 finished with value: 140.39583333333334 and parameters: {'layer_extract': -2, 'layer_steer': -7, 'alpha': 4.6700222229282184}. Best is trial 88 with value: 909.4.
[I 2025-07-25 17:08:20,110] Trial 135 finished with value: 897.1666666666666 and parameters: {'layer_extract': -1, 'layer_steer': -7, 'alpha': 4.805546641930766}. Best is trial 88 with value: 909.4.
[I 2025-07-25 17:08:20,997] Trial 136 finished with value: 126.79464285714286 and parameters: {'layer_extract': -3, 'layer_steer': -8, 'alpha': 4.80305445774692}. Best is trial 88 with value: 909.4.
[I 2025-07-25 17:08:21,881] Trial 137 finished with value: 143.79166666666666 and parameters: {'layer_extract': -2, 'layer_steer': -7, 'alpha': 4.894255961652159}. Best is trial 88 with value: 909.4.
[I 2025-07-25 17:08:22,767] Trial 138 finished with value: 871.7 and parameters: {'layer_extract': -1, 'layer_steer': -6, 'alpha': 4.717497838670262}. Best is trial 88 with value: 909.4.
[I 2025-07-25 17:08:23,653] Trial 139 finished with value: 117.33928571428571 and parameters: {'layer_extract': -4, 'layer_steer': -8, 'alpha': 4.695144905368257}. Best is trial 88 with value: 909.4.
[I 2025-07-25 17:08:24,527] Trial 140 finished with value: 75.453125 and parameters: {'layer_extract': -14, 'layer_steer': -6, 'alpha': 4.794125179244534}. Best is trial 88 with value: 909.4.
[I 2025-07-25 17:08:25,420] Trial 141 finished with value: 929.25 and parameters: {'layer_extract': -1, 'layer_steer': -7, 'alpha': 4.9989325595629746}. Best is trial 141 with value: 929.25.
[I 2025-07-25 17:08:26,282] Trial 142 finished with value: 918.6666666666666 and parameters: {'layer_extract': -1, 'layer_steer': -7, 'alpha': 4.934926895890545}. Best is trial 141 with value: 929.25.
[I 2025-07-25 17:08:27,159] Trial 143 finished with value: 137.08928571428572 and parameters: {'layer_extract': -2, 'layer_steer': -8, 'alpha': 4.979916836581441}. Best is trial 141 with value: 929.25.
[I 2025-07-25 17:08:28,033] Trial 144 finished with value: 908.5 and parameters: {'layer_extract': -1, 'layer_steer': -7, 'alpha': 4.8737882474436605}. Best is trial 141 with value: 929.25.
[I 2025-07-25 17:08:28,922] Trial 145 finished with value: 147.8 and parameters: {'layer_extract': -3, 'layer_steer': -6, 'alpha': 4.877363219988396}. Best is trial 141 with value: 929.25.
[I 2025-07-25 17:08:29,805] Trial 146 finished with value: 915.0833333333334 and parameters: {'layer_extract': -1, 'layer_steer': -7, 'alpha': 4.913586542324754}. Best is trial 141 with value: 929.25.
[I 2025-07-25 17:08:30,714] Trial 147 finished with value: 101.8325 and parameters: {'layer_extract': -2, 'layer_steer': -26, 'alpha': 4.983515452493287}. Best is trial 141 with value: 929.25.
[I 2025-07-25 17:08:31,588] Trial 148 finished with value: 195.27083333333334 and parameters: {'layer_extract': -2, 'layer_steer': -4, 'alpha': 4.762190830554086}. Best is trial 141 with value: 929.25.
[I 2025-07-25 17:08:32,477] Trial 149 finished with value: 912.3571428571429 and parameters: {'layer_extract': -1, 'layer_steer': -8, 'alpha': 4.843364935188108}. Best is trial 141 with value: 929.25.
[I 2025-07-25 17:08:33,369] Trial 150 finished with value: 127.58035714285714 and parameters: {'layer_extract': -3, 'layer_steer': -8, 'alpha': 4.859095110427542}. Best is trial 141 with value: 929.25.
[I 2025-07-25 17:08:34,238] Trial 151 finished with value: 860.8 and parameters: {'layer_extract': -1, 'layer_steer': -6, 'alpha': 4.649613563254258}. Best is trial 141 with value: 929.25.
[I 2025-07-25 17:08:35,102] Trial 152 finished with value: 870.3333333333334 and parameters: {'layer_extract': -1, 'layer_steer': -7, 'alpha': 4.6433701628088775}. Best is trial 141 with value: 929.25.
[I 2025-07-25 17:08:35,993] Trial 153 finished with value: 872.5833333333334 and parameters: {'layer_extract': -1, 'layer_steer': -7, 'alpha': 4.657611577698449}. Best is trial 141 with value: 929.25.
[I 2025-07-25 17:08:36,871] Trial 154 finished with value: 135.11607142857142 and parameters: {'layer_extract': -2, 'layer_steer': -8, 'alpha': 4.851394297861707}. Best is trial 141 with value: 929.25.
[I 2025-07-25 17:08:37,743] Trial 155 finished with value: 886.125 and parameters: {'layer_extract': -1, 'layer_steer': -9, 'alpha': 4.654139243408706}. Best is trial 141 with value: 929.25.
[I 2025-07-25 17:08:38,622] Trial 156 finished with value: 131.6953125 and parameters: {'layer_extract': -2, 'layer_steer': -9, 'alpha': 4.997995277311589}. Best is trial 141 with value: 929.25.
[I 2025-07-25 17:08:39,482] Trial 157 finished with value: 288.125 and parameters: {'layer_extract': -1, 'layer_steer': -9, 'alpha': 1.2339168078095637}. Best is trial 141 with value: 929.25.
[I 2025-07-25 17:08:40,351] Trial 158 finished with value: 906.2222222222222 and parameters: {'layer_extract': -1, 'layer_steer': -10, 'alpha': 4.739559744386839}. Best is trial 141 with value: 929.25.
[I 2025-07-25 17:08:41,233] Trial 159 finished with value: 120.84375 and parameters: {'layer_extract': -3, 'layer_steer': -9, 'alpha': 4.797862054105992}. Best is trial 141 with value: 929.25.
[I 2025-07-25 17:08:42,114] Trial 160 finished with value: 109.63541666666667 and parameters: {'layer_extract': -4, 'layer_steer': -10, 'alpha': 4.899732430912143}. Best is trial 141 with value: 929.25.
[I 2025-07-25 17:08:42,995] Trial 161 finished with value: 882.1666666666666 and parameters: {'layer_extract': -1, 'layer_steer': -7, 'alpha': 4.715259358680222}. Best is trial 141 with value: 929.25.
[I 2025-07-25 17:08:43,887] Trial 162 finished with value: 862.75 and parameters: {'layer_extract': -1, 'layer_steer': -7, 'alpha': 4.5979824224502455}. Best is trial 141 with value: 929.25.
[I 2025-07-25 17:08:44,778] Trial 163 finished with value: 133.60714285714286 and parameters: {'layer_extract': -2, 'layer_steer': -8, 'alpha': 4.749469557568565}. Best is trial 141 with value: 929.25.
[I 2025-07-25 17:08:45,666] Trial 164 finished with value: 912.0833333333334 and parameters: {'layer_extract': -1, 'layer_steer': -7, 'alpha': 4.89578427658706}. Best is trial 141 with value: 929.25.
[I 2025-07-25 17:08:46,553] Trial 165 finished with value: 135.3125 and parameters: {'layer_extract': -2, 'layer_steer': -8, 'alpha': 4.863029669806531}. Best is trial 141 with value: 929.25.
[I 2025-07-25 17:08:47,482] Trial 166 finished with value: 971.5806451612904 and parameters: {'layer_extract': -1, 'layer_steer': -32, 'alpha': 4.907863937440758}. Best is trial 166 with value: 971.5806451612904.
[I 2025-07-25 17:08:48,381] Trial 167 finished with value: 105.984375 and parameters: {'layer_extract': -2, 'layer_steer': -21, 'alpha': 4.927733158249793}. Best is trial 166 with value: 971.5806451612904.
[I 2025-07-25 17:08:49,296] Trial 168 finished with value: 92.62228260869566 and parameters: {'layer_extract': -3, 'layer_steer': -24, 'alpha': 4.809207246090575}. Best is trial 166 with value: 971.5806451612904.
[I 2025-07-25 17:08:50,240] Trial 169 finished with value: 980.0862068965517 and parameters: {'layer_extract': -1, 'layer_steer': -30, 'alpha': 4.981893940309482}. Best is trial 169 with value: 980.0862068965517.
[I 2025-07-25 17:08:51,181] Trial 170 finished with value: 127.15927419354838 and parameters: {'layer_extract': -2, 'layer_steer': -32, 'alpha': 4.99177963282816}. Best is trial 169 with value: 980.0862068965517.
[I 2025-07-25 17:08:52,075] Trial 171 finished with value: 964.7166666666667 and parameters: {'layer_extract': -1, 'layer_steer': -31, 'alpha': 4.900719148865536}. Best is trial 169 with value: 980.0862068965517.
[I 2025-07-25 17:08:53,000] Trial 172 finished with value: 966.75 and parameters: {'layer_extract': -1, 'layer_steer': -31, 'alpha': 4.9109665328968815}. Best is trial 169 with value: 980.0862068965517.
[I 2025-07-25 17:08:53,935] Trial 173 finished with value: 965.95 and parameters: {'layer_extract': -1, 'layer_steer': -31, 'alpha': 4.906747009173342}. Best is trial 169 with value: 980.0862068965517.
[I 2025-07-25 17:08:54,877] Trial 174 finished with value: 98.09051724137932 and parameters: {'layer_extract': -2, 'layer_steer': -30, 'alpha': 4.896283015886162}. Best is trial 169 with value: 980.0862068965517.
[I 2025-07-25 17:08:55,792] Trial 175 finished with value: 98.42887931034483 and parameters: {'layer_extract': -2, 'layer_steer': -30, 'alpha': 4.917195006421242}. Best is trial 169 with value: 980.0862068965517.
[I 2025-07-25 17:08:56,715] Trial 176 finished with value: 982.6166666666667 and parameters: {'layer_extract': -1, 'layer_steer': -31, 'alpha': 4.9941360669692765}. Best is trial 176 with value: 982.6166666666667.
[I 2025-07-25 17:08:57,660] Trial 177 finished with value: 947.2666666666667 and parameters: {'layer_extract': -1, 'layer_steer': -31, 'alpha': 4.809785971783518}. Best is trial 176 with value: 982.6166666666667.
[I 2025-07-25 17:08:58,597] Trial 178 finished with value: 90.325 and parameters: {'layer_extract': -3, 'layer_steer': -31, 'alpha': 4.9943084756695715}. Best is trial 176 with value: 982.6166666666667.
[I 2025-07-25 17:08:59,522] Trial 179 finished with value: 958.8064516129032 and parameters: {'layer_extract': -1, 'layer_steer': -32, 'alpha': 4.8414098615068895}. Best is trial 176 with value: 982.6166666666667.
[I 2025-07-25 17:09:00,450] Trial 180 finished with value: 124.625 and parameters: {'layer_extract': -2, 'layer_steer': -32, 'alpha': 4.810788181094914}. Best is trial 176 with value: 982.6166666666667.
[I 2025-07-25 17:09:01,388] Trial 181 finished with value: 983.7 and parameters: {'layer_extract': -1, 'layer_steer': -31, 'alpha': 4.9992974620333355}. Best is trial 181 with value: 983.7.
[I 2025-07-25 17:09:02,323] Trial 182 finished with value: 982.95 and parameters: {'layer_extract': -1, 'layer_steer': -31, 'alpha': 4.995629780382968}. Best is trial 181 with value: 983.7.
[I 2025-07-25 17:09:03,228] Trial 183 finished with value: 967.3333333333334 and parameters: {'layer_extract': -1, 'layer_steer': -31, 'alpha': 4.913897858535484}. Best is trial 181 with value: 983.7.
[I 2025-07-25 17:09:04,148] Trial 184 finished with value: 98.77291666666666 and parameters: {'layer_extract': -2, 'layer_steer': -31, 'alpha': 4.9784202954274175}. Best is trial 181 with value: 983.7.
[I 2025-07-25 17:09:05,064] Trial 185 finished with value: 964.05 and parameters: {'layer_extract': -1, 'layer_steer': -31, 'alpha': 4.897102348050895}. Best is trial 181 with value: 983.7.
[I 2025-07-25 17:09:06,005] Trial 186 finished with value: 89.0875 and parameters: {'layer_extract': -3, 'layer_steer': -31, 'alpha': 4.904969015363639}. Best is trial 181 with value: 983.7.
[I 2025-07-25 17:09:06,923] Trial 187 finished with value: 99.65732758620689 and parameters: {'layer_extract': -2, 'layer_steer': -30, 'alpha': 4.994756043895561}. Best is trial 181 with value: 983.7.
[I 2025-07-25 17:09:07,840] Trial 188 finished with value: 957.7321428571429 and parameters: {'layer_extract': -1, 'layer_steer': -29, 'alpha': 4.867639456573395}. Best is trial 181 with value: 983.7.
[I 2025-07-25 17:09:08,770] Trial 189 finished with value: 28.302734375 and parameters: {'layer_extract': -18, 'layer_steer': -29, 'alpha': 4.858199390411289}. Best is trial 181 with value: 983.7.
[I 2025-07-25 17:09:09,706] Trial 190 finished with value: 981.8333333333334 and parameters: {'layer_extract': -1, 'layer_steer': -31, 'alpha': 4.989600072651724}. Best is trial 181 with value: 983.7.
[I 2025-07-25 17:09:10,637] Trial 191 finished with value: 982.3833333333333 and parameters: {'layer_extract': -1, 'layer_steer': -31, 'alpha': 4.9926126856584645}. Best is trial 181 with value: 983.7.
[I 2025-07-25 17:09:11,565] Trial 192 finished with value: 982.3833333333333 and parameters: {'layer_extract': -1, 'layer_steer': -31, 'alpha': 4.992412298093403}. Best is trial 181 with value: 983.7.
[I 2025-07-25 17:09:12,511] Trial 193 finished with value: 98.8625 and parameters: {'layer_extract': -2, 'layer_steer': -31, 'alpha': 4.983646273695229}. Best is trial 181 with value: 983.7.
[I 2025-07-25 17:09:13,450] Trial 194 finished with value: 982.2321428571429 and parameters: {'layer_extract': -1, 'layer_steer': -29, 'alpha': 4.995496853701998}. Best is trial 181 with value: 983.7.
[I 2025-07-25 17:09:14,350] Trial 195 finished with value: 100.03794642857143 and parameters: {'layer_extract': -2, 'layer_steer': -29, 'alpha': 4.981944017124268}. Best is trial 181 with value: 983.7.
[I 2025-07-25 17:09:15,267] Trial 196 finished with value: 988.5 and parameters: {'layer_extract': -1, 'layer_steer': -32, 'alpha': 4.997187843869642}. Best is trial 196 with value: 988.5.
[I 2025-07-25 17:09:16,199] Trial 197 finished with value: 988.983870967742 and parameters: {'layer_extract': -1, 'layer_steer': -32, 'alpha': 4.99911640734954}. Best is trial 197 with value: 988.983870967742.
[I 2025-07-25 17:09:17,140] Trial 198 finished with value: 124.58266129032258 and parameters: {'layer_extract': -2, 'layer_steer': -32, 'alpha': 4.807551260606595}. Best is trial 197 with value: 988.983870967742.
[I 2025-07-25 17:09:18,058] Trial 199 finished with value: 88.34267241379311 and parameters: {'layer_extract': -3, 'layer_steer': -30, 'alpha': 4.802949764257303}. Best is trial 197 with value: 988.983870967742.
[I 2025-07-25 17:09:18,978] Trial 200 finished with value: 984.483870967742 and parameters: {'layer_extract': -1, 'layer_steer': -32, 'alpha': 4.976101349055766}. Best is trial 197 with value: 988.983870967742.
[I 2025-07-25 17:09:19,913] Trial 201 finished with value: 988.7096774193549 and parameters: {'layer_extract': -1, 'layer_steer': -32, 'alpha': 4.997994123371949}. Best is trial 197 with value: 988.983870967742.
[I 2025-07-25 17:09:20,842] Trial 202 finished with value: 967.8548387096774 and parameters: {'layer_extract': -1, 'layer_steer': -32, 'alpha': 4.888326971804095}. Best is trial 197 with value: 988.983870967742.
[I 2025-07-25 17:09:21,774] Trial 203 finished with value: 127.26411290322581 and parameters: {'layer_extract': -2, 'layer_steer': -32, 'alpha': 4.999498638675655}. Best is trial 197 with value: 988.983870967742.
[I 2025-07-25 17:09:22,684] Trial 204 finished with value: 970.2903225806451 and parameters: {'layer_extract': -1, 'layer_steer': -32, 'alpha': 4.9010597943743335}. Best is trial 197 with value: 988.983870967742.
[I 2025-07-25 17:09:23,629] Trial 205 finished with value: 89.3366935483871 and parameters: {'layer_extract': -11, 'layer_steer': -32, 'alpha': 4.902457973446594}. Best is trial 197 with value: 988.983870967742.
[I 2025-07-25 17:09:24,573] Trial 206 finished with value: 97.67083333333333 and parameters: {'layer_extract': -2, 'layer_steer': -31, 'alpha': 4.9083113322342475}. Best is trial 197 with value: 988.983870967742.
[I 2025-07-25 17:09:25,488] Trial 207 finished with value: 988.0645161290323 and parameters: {'layer_extract': -1, 'layer_steer': -32, 'alpha': 4.994466280691592}. Best is trial 197 with value: 988.983870967742.
[I 2025-07-25 17:09:26,408] Trial 208 finished with value: 386.5431034482759 and parameters: {'layer_extract': -1, 'layer_steer': -30, 'alpha': 1.8905518479969254}. Best is trial 197 with value: 988.983870967742.
[I 2025-07-25 17:09:27,347] Trial 209 finished with value: 99.04375 and parameters: {'layer_extract': -2, 'layer_steer': -31, 'alpha': 4.995306902816751}. Best is trial 197 with value: 988.983870967742.
[I 2025-07-25 17:09:28,289] Trial 210 finished with value: 42.03276209677419 and parameters: {'layer_extract': -25, 'layer_steer': -32, 'alpha': 4.99840132707276}. Best is trial 197 with value: 988.983870967742.
[I 2025-07-25 17:09:29,219] Trial 211 finished with value: 950.7903225806451 and parameters: {'layer_extract': -1, 'layer_steer': -32, 'alpha': 4.7993658355281354}. Best is trial 197 with value: 988.983870967742.
[I 2025-07-25 17:09:30,141] Trial 212 finished with value: 959.4666666666667 and parameters: {'layer_extract': -1, 'layer_steer': -31, 'alpha': 4.873476319025091}. Best is trial 197 with value: 988.983870967742.
[I 2025-07-25 17:09:31,089] Trial 213 finished with value: 963.5666666666667 and parameters: {'layer_extract': -1, 'layer_steer': -31, 'alpha': 4.894734364097406}. Best is trial 197 with value: 988.983870967742.
[I 2025-07-25 17:09:32,027] Trial 214 finished with value: 98.29094827586206 and parameters: {'layer_extract': -2, 'layer_steer': -30, 'alpha': 4.908249110628346}. Best is trial 197 with value: 988.983870967742.
[I 2025-07-25 17:09:32,946] Trial 215 finished with value: 941.1666666666666 and parameters: {'layer_extract': -1, 'layer_steer': -31, 'alpha': 4.77796034514707}. Best is trial 197 with value: 988.983870967742.
[I 2025-07-25 17:09:33,891] Trial 216 finished with value: 127.23790322580645 and parameters: {'layer_extract': -2, 'layer_steer': -32, 'alpha': 4.997203928848067}. Best is trial 197 with value: 988.983870967742.
[I 2025-07-25 17:09:34,833] Trial 217 finished with value: 937.7166666666667 and parameters: {'layer_extract': -1, 'layer_steer': -31, 'alpha': 4.7600150992285455}. Best is trial 197 with value: 988.983870967742.
[I 2025-07-25 17:09:35,766] Trial 218 finished with value: 962.6206896551724 and parameters: {'layer_extract': -1, 'layer_steer': -30, 'alpha': 4.890802505617013}. Best is trial 197 with value: 988.983870967742.
